\BOOKMARK [1][-]{section.0.1}{Pr\351sentation du projet}{}% 1
\BOOKMARK [2][-]{subsection.0.1.1}{Contexte}{section.0.1}% 2
\BOOKMARK [2][-]{subsection.0.1.2}{\311tude de l'existant}{section.0.1}% 3
\BOOKMARK [2][-]{subsection.0.1.3}{Objectifs}{section.0.1}% 4
\BOOKMARK [2][-]{subsection.0.1.4}{Calendrier}{section.0.1}% 5
\BOOKMARK [2][-]{subsection.0.1.5}{Crit\350res d'acceptibilit\351 du produit}{section.0.1}% 6
\BOOKMARK [1][-]{section.0.2}{Analyse des besoins}{}% 7
\BOOKMARK [2][-]{subsection.0.2.1}{Liste des acteurs}{section.0.2}% 8
\BOOKMARK [2][-]{subsection.0.2.2}{Expression des besoins}{section.0.2}% 9
\BOOKMARK [2][-]{subsection.0.2.3}{Besoins fonctionnels}{section.0.2}% 10
\BOOKMARK [2][-]{subsection.0.2.4}{Besoins non-fonctionnels}{section.0.2}% 11
\BOOKMARK [2][-]{subsection.0.2.5}{Fonctionnalit\351s}{section.0.2}% 12
\BOOKMARK [2][-]{subsection.0.2.6}{Cas d'utilisation}{section.0.2}% 13
\BOOKMARK [1][-]{section.0.3}{Livrables}{}% 14
\BOOKMARK [1][-]{section.0.4}{Contraintes}{}% 15
\BOOKMARK [2][-]{subsection.0.4.1}{Documentation}{section.0.4}% 16
\BOOKMARK [2][-]{subsection.0.4.2}{D\351lais}{section.0.4}% 17
\BOOKMARK [2][-]{subsection.0.4.3}{Contraintes techniques}{section.0.4}% 18
\BOOKMARK [1][-]{section.0.5}{Organisation du projet}{}% 19
\BOOKMARK [2][-]{subsection.0.5.1}{Diagramme WBS}{section.0.5}% 20
\BOOKMARK [2][-]{subsection.0.5.2}{Diagramme de Gantt}{section.0.5}% 21
